<?xml version="1.0" encoding="UTF-8"?>
<testng-results ignored="0" total="1" passed="1" failed="0" skipped="0">
  <reporter-output>
  </reporter-output>
  <suite started-at="2023-06-15T11:06:30 IST" name="Suite" finished-at="2023-06-15T11:06:42 IST" duration-ms="11699">
    <groups>
    </groups>
    <test started-at="2023-06-15T11:06:30 IST" name="Test" finished-at="2023-06-15T11:06:42 IST" duration-ms="11699">
      <class name="com.learnautomatiom.testcases.LoginTest">
        <test-method is-config="true" signature="setupApplication()[pri:0, instance:com.learnautomatiom.testcases.LoginTest@7ce69770]" started-at="2023-06-15T11:06:30 IST" name="setupApplication" finished-at="2023-06-15T11:06:38 IST" duration-ms="7948" status="PASS">
          <reporter-output>
          </reporter-output>
        </test-method> <!-- setupApplication -->
        <test-method signature="loginToApp(java.lang.String,java.lang.String)[pri:0, instance:com.learnautomatiom.testcases.LoginTest@7ce69770]" started-at="2023-06-15T11:06:40 IST" name="loginToApp" data-provider="users" finished-at="2023-06-15T11:06:41 IST" duration-ms="1299" status="PASS">
          <params>
            <param index="0">
              <value>
                <![CDATA[tastabc2@gmail.com]]>
              </value>
            </param>
            <param index="1">
              <value>
                <![CDATA[admin1234]]>
              </value>
            </param>
          </params>
          <reporter-output>
          </reporter-output>
        </test-method> <!-- loginToApp -->
        <test-method is-config="true" signature="tearDown()[pri:0, instance:com.learnautomatiom.testcases.LoginTest@7ce69770]" started-at="2023-06-15T11:06:41 IST" name="tearDown" finished-at="2023-06-15T11:06:42 IST" duration-ms="711" status="PASS">
          <reporter-output>
          </reporter-output>
        </test-method> <!-- tearDown -->
      </class> <!-- com.learnautomatiom.testcases.LoginTest -->
    </test> <!-- Test -->
  </suite> <!-- Suite -->
</testng-results>
